{
  "stats": {
    "suites": 2,
    "tests": 10,
    "passes": 10,
    "pending": 0,
    "failures": 0,
    "start": "2025-03-09T18:35:53.010Z",
    "end": "2025-03-09T18:35:53.212Z",
    "duration": 202,
    "testsRegistered": 10,
    "passPercent": 100,
    "pendingPercent": 0,
    "other": 0,
    "hasOther": false,
    "skipped": 0,
    "hasSkipped": false
  },
  "results": [
    {
      "uuid": "c7589451-c665-42c6-ba5b-17da07371fae",
      "title": "",
      "fullFile": "",
      "file": "",
      "beforeHooks": [],
      "afterHooks": [],
      "tests": [],
      "suites": [
        {
          "uuid": "1edfae97-6217-4ed0-a28d-0f68b1c62460",
          "title": "POST /customers",
          "fullFile": "C:\\Users\\cmramos\\Documents\\carlos-mario\\workspace\\pos\\tests\\customer.test.js",
          "file": "\\tests\\customer.test.js",
          "beforeHooks": [],
          "afterHooks": [],
          "tests": [
            {
              "title": "Should fail with status 400 for missing or invalid body",
              "fullTitle": "POST /customers Should fail with status 400 for missing or invalid body",
              "timedOut": false,
              "duration": 56,
              "state": "passed",
              "speed": "medium",
              "pass": true,
              "fail": false,
              "pending": false,
              "context": null,
              "code": "try {\n\tawait request(app)\n\t\t.post('/customers')\n\t\t.set('Content-Type', 'application/json')\n\t\t.set('Accept', 'application/json')\n\t\t.send(JSON.stringify({}))\n\t\t.expect('Content-Type', /application\\/json/)\n\t\t.expect(StatusCodes.BAD_REQUEST)\n\t\t.expect(res => {\n\t\t\tassert.exists(res.body)\n\t\t\tassert.isObject(res.body)\n\t\t\tassert.hasAllKeys(res.body, ['info', 'status', 'title', 'code', 'errors'])\n\t\t\tassert.isObject(res.body.info)\n\t\t\tassert.hasAllKeys(res.body.info, ['_timestamp', '_uuid'])\n\t\t\tassert.isString(res.body.info._uuid)\n\t\t\tassert.match(res.body.info._uuid, UUID_REGEX)\n\t\t\tassert.isString(res.body.info._timestamp)\n\t\t\tassert.match(res.body.info._timestamp, DATE_REGEX)\n\t\t\tassert.isString(res.body.status)\n\t\t\tassert.strictEqual(res.body.status, 'failure')\n\t\t\tassert.isString(res.body.title)\n\t\t\tassert.strictEqual(res.body.title, ReasonPhrases.BAD_REQUEST)\n\t\t\tassert.isNumber(res.body.code)\n\t\t\tassert.strictEqual(res.body.code, StatusCodes.BAD_REQUEST)\n\t\t\tassert.isArray(res.body.errors)\n\t\t\tassert.isNotEmpty(res.body.errors)\n\t\t})\n} catch (error) {\n\tthrow Error(error)\n}",
              "err": {},
              "uuid": "d7b4fa24-3bff-4fd8-8931-47ae29bd9c70",
              "parentUUID": "1edfae97-6217-4ed0-a28d-0f68b1c62460",
              "isHook": false,
              "skipped": false
            },
            {
              "title": "should fail with status 400 if any required field is not submitted or empty",
              "fullTitle": "POST /customers should fail with status 400 if any required field is not submitted or empty",
              "timedOut": false,
              "duration": 8,
              "state": "passed",
              "speed": "fast",
              "pass": true,
              "fail": false,
              "pending": false,
              "context": null,
              "code": "try {\n\tawait request(app)\n\t\t.post('/customers')\n\t\t.set('Content-Type', 'application/json')\n\t\t.set('Accept', 'application/json')\n\t\t.send(JSON.stringify({ name, identification: '' }))\n\t\t.expect('Content-Type', /application\\/json/)\n\t\t.expect(StatusCodes.BAD_REQUEST)\n\t\t.expect(res => {\n\t\t\tassert.exists(res.body)\n\t\t\tassert.isObject(res.body)\n\t\t\tassert.hasAllKeys(res.body, ['info', 'status', 'title', 'code', 'errors'])\n\t\t\tassert.isObject(res.body.info)\n\t\t\tassert.hasAllKeys(res.body.info, ['_timestamp', '_uuid'])\n\t\t\tassert.isString(res.body.info._uuid)\n\t\t\tassert.match(res.body.info._uuid, UUID_REGEX)\n\t\t\tassert.isString(res.body.info._timestamp)\n\t\t\tassert.match(res.body.info._timestamp, DATE_REGEX)\n\t\t\tassert.isString(res.body.status)\n\t\t\tassert.strictEqual(res.body.status, 'failure')\n\t\t\tassert.isString(res.body.title)\n\t\t\tassert.strictEqual(res.body.title, ReasonPhrases.BAD_REQUEST)\n\t\t\tassert.isNumber(res.body.code)\n\t\t\tassert.strictEqual(res.body.code, StatusCodes.BAD_REQUEST)\n\t\t\tassert.isArray(res.body.errors)\n\t\t\tassert.isNotEmpty(res.body.errors)\n\t\t})\n} catch (error) {\n\tthrow Error(error)\n}",
              "err": {},
              "uuid": "bf5de614-b39e-40c1-84c0-be0ed757b374",
              "parentUUID": "1edfae97-6217-4ed0-a28d-0f68b1c62460",
              "isHook": false,
              "skipped": false
            },
            {
              "title": "It should fail with status 400 if any field is sent that is not defined in the contract.",
              "fullTitle": "POST /customers It should fail with status 400 if any field is sent that is not defined in the contract.",
              "timedOut": false,
              "duration": 6,
              "state": "passed",
              "speed": "fast",
              "pass": true,
              "fail": false,
              "pending": false,
              "context": null,
              "code": "try {\n\tawait request(app)\n\t\t.post('/customers')\n\t\t.set('Content-Type', 'application/json')\n\t\t.set('Accept', 'application/json')\n\t\t.send(JSON.stringify({ name, identification, randomField: 'xyz' }))\n\t\t.expect('Content-Type', /application\\/json/)\n\t\t.expect(StatusCodes.BAD_REQUEST)\n\t\t.expect(res => {\n\t\t\tassert.exists(res.body)\n\t\t\tassert.isObject(res.body)\n\t\t\tassert.hasAllKeys(res.body, ['info', 'status', 'title', 'code', 'errors'])\n\t\t\tassert.isObject(res.body.info)\n\t\t\tassert.hasAllKeys(res.body.info, ['_timestamp', '_uuid'])\n\t\t\tassert.isString(res.body.info._uuid)\n\t\t\tassert.match(res.body.info._uuid, UUID_REGEX)\n\t\t\tassert.isString(res.body.info._timestamp)\n\t\t\tassert.match(res.body.info._timestamp, DATE_REGEX)\n\t\t\tassert.isString(res.body.status)\n\t\t\tassert.strictEqual(res.body.status, 'failure')\n\t\t\tassert.isString(res.body.title)\n\t\t\tassert.strictEqual(res.body.title, ReasonPhrases.BAD_REQUEST)\n\t\t\tassert.isNumber(res.body.code)\n\t\t\tassert.strictEqual(res.body.code, StatusCodes.BAD_REQUEST)\n\t\t\tassert.isArray(res.body.errors)\n\t\t\tassert.isNotEmpty(res.body.errors)\n\t\t})\n} catch (error) {\n\tthrow Error(error)\n}",
              "err": {},
              "uuid": "34a169a4-3a51-4e60-9117-2b458a1b902a",
              "parentUUID": "1edfae97-6217-4ed0-a28d-0f68b1c62460",
              "isHook": false,
              "skipped": false
            },
            {
              "title": "Should succeed with code 201 if a new customer is created",
              "fullTitle": "POST /customers Should succeed with code 201 if a new customer is created",
              "timedOut": false,
              "duration": 33,
              "state": "passed",
              "speed": "fast",
              "pass": true,
              "fail": false,
              "pending": false,
              "context": null,
              "code": "try {\n\tawait Customer.truncate()\n\tawait request(app)\n\t\t.post('/customers')\n\t\t.set('Content-Type', 'application/json')\n\t\t.set('Accept', 'application/json')\n\t\t.send(JSON.stringify({ name, identification }))\n\t\t.expect('Content-Type', /application\\/json/)\n\t\t.expect(StatusCodes.CREATED)\n\t\t.expect(res => {\n\t\t\tassert.exists(res.body)\n\t\t\tassert.isObject(res.body)\n\t\t\tassert.hasAllKeys(res.body, ['info', 'status', 'title', 'code', 'data'])\n\t\t\tassert.isObject(res.body.info)\n\t\t\tassert.hasAllKeys(res.body.info, ['_timestamp', '_uuid'])\n\t\t\tassert.isString(res.body.info._uuid)\n\t\t\tassert.match(res.body.info._uuid, UUID_REGEX)\n\t\t\tassert.isString(res.body.info._timestamp)\n\t\t\tassert.match(res.body.info._timestamp, DATE_REGEX)\n\t\t\tassert.isString(res.body.status)\n\t\t\tassert.strictEqual(res.body.status, 'success')\n\t\t\tassert.isString(res.body.title)\n\t\t\tassert.strictEqual(res.body.title, ReasonPhrases.CREATED)\n\t\t\tassert.isNumber(res.body.code)\n\t\t\tassert.strictEqual(res.body.code, StatusCodes.CREATED)\n\t\t\tassert.isObject(res.body.data)\n\t\t\tassert.hasAllKeys(res.body.data, ['id', 'name', 'identification', 'updatedAt', 'createdAt'])\n\t\t\tassert.isString(res.body.data.id)\n\t\t\tassert.match(res.body.data.id, UUID_REGEX)\n\t\t\tassert.isString(res.body.data.name)\n\t\t\tassert.isNotEmpty(res.body.data.name)\n\t\t\tassert.isString(res.body.data.identification)\n\t\t\tassert.isNotEmpty(res.body.data.identification)\n\t\t\tassert.isString(res.body.data.updatedAt)\n\t\t\tassert.match(res.body.data.updatedAt, DATE_REGEX)\n\t\t\tassert.isString(res.body.data.createdAt)\n\t\t\tassert.match(res.body.data.createdAt, DATE_REGEX)\n\t\t})\n} catch (error) {\n\tthrow Error(error)\n}",
              "err": {},
              "uuid": "e66c8dfc-c11b-4ee7-b763-d05e42c34a18",
              "parentUUID": "1edfae97-6217-4ed0-a28d-0f68b1c62460",
              "isHook": false,
              "skipped": false
            },
            {
              "title": "should fail with status 409 if the customer already exists",
              "fullTitle": "POST /customers should fail with status 409 if the customer already exists",
              "timedOut": false,
              "duration": 9,
              "state": "passed",
              "speed": "fast",
              "pass": true,
              "fail": false,
              "pending": false,
              "context": null,
              "code": "try {\n\tawait request(app)\n\t\t.post('/customers')\n\t\t.set('Content-Type', 'application/json')\n\t\t.set('Accept', 'application/json')\n\t\t.send(JSON.stringify({ name, identification }))\n\t\t.expect('Content-Type', /application\\/json/)\n\t\t.expect(StatusCodes.CONFLICT)\n\t\t.expect(res => {\n\t\t\tassert.exists(res.body)\n\t\t\tassert.isObject(res.body)\n\t\t\tassert.hasAllKeys(res.body, ['info', 'status', 'title', 'code', 'errors'])\n\t\t\tassert.isObject(res.body.info)\n\t\t\tassert.hasAllKeys(res.body.info, ['_timestamp', '_uuid'])\n\t\t\tassert.isString(res.body.info._uuid)\n\t\t\tassert.match(res.body.info._uuid, UUID_REGEX)\n\t\t\tassert.isString(res.body.info._timestamp)\n\t\t\tassert.match(res.body.info._timestamp, DATE_REGEX)\n\t\t\tassert.isString(res.body.status)\n\t\t\tassert.strictEqual(res.body.status, 'failure')\n\t\t\tassert.isString(res.body.title)\n\t\t\tassert.strictEqual(res.body.title, ReasonPhrases.CONFLICT)\n\t\t\tassert.isNumber(res.body.code)\n\t\t\tassert.strictEqual(res.body.code, StatusCodes.CONFLICT)\n\t\t\tassert.isArray(res.body.errors)\n\t\t\tassert.isNotEmpty(res.body.errors)\n\t\t})\n} catch (error) {\n\tthrow Error(error)\n}",
              "err": {},
              "uuid": "72824e20-5ae7-474a-96d5-a6667016522e",
              "parentUUID": "1edfae97-6217-4ed0-a28d-0f68b1c62460",
              "isHook": false,
              "skipped": false
            }
          ],
          "suites": [],
          "passes": [
            "d7b4fa24-3bff-4fd8-8931-47ae29bd9c70",
            "bf5de614-b39e-40c1-84c0-be0ed757b374",
            "34a169a4-3a51-4e60-9117-2b458a1b902a",
            "e66c8dfc-c11b-4ee7-b763-d05e42c34a18",
            "72824e20-5ae7-474a-96d5-a6667016522e"
          ],
          "failures": [],
          "pending": [],
          "skipped": [],
          "duration": 112,
          "root": false,
          "rootEmpty": false,
          "_timeout": 2000
        },
        {
          "uuid": "56658506-1739-4c8f-9737-ef6b767d0fd4",
          "title": "POST /products",
          "fullFile": "C:\\Users\\cmramos\\Documents\\carlos-mario\\workspace\\pos\\tests\\product.test.js",
          "file": "\\tests\\product.test.js",
          "beforeHooks": [],
          "afterHooks": [],
          "tests": [
            {
              "title": "Should fail with status 400 for missing or invalid body",
              "fullTitle": "POST /products Should fail with status 400 for missing or invalid body",
              "timedOut": false,
              "duration": 5,
              "state": "passed",
              "speed": "fast",
              "pass": true,
              "fail": false,
              "pending": false,
              "context": null,
              "code": "try {\n\tawait request(app)\n\t\t.post('/products')\n\t\t.set('Content-Type', 'application/json')\n\t\t.set('Accept', 'application/json')\n\t\t.send(JSON.stringify({}))\n\t\t.expect('Content-Type', /application\\/json/)\n\t\t.expect(StatusCodes.BAD_REQUEST)\n\t\t.expect(res => {\n\t\t\tassert.exists(res.body)\n\t\t\tassert.isObject(res.body)\n\t\t\tassert.hasAllKeys(res.body, ['info', 'status', 'title', 'code', 'errors'])\n\t\t\tassert.isObject(res.body.info)\n\t\t\tassert.hasAllKeys(res.body.info, ['_timestamp', '_uuid'])\n\t\t\tassert.isString(res.body.info._uuid)\n\t\t\tassert.match(res.body.info._uuid, UUID_REGEX)\n\t\t\tassert.isString(res.body.info._timestamp)\n\t\t\tassert.match(res.body.info._timestamp, DATE_REGEX)\n\t\t\tassert.isString(res.body.status)\n\t\t\tassert.strictEqual(res.body.status, 'failure')\n\t\t\tassert.isString(res.body.title)\n\t\t\tassert.strictEqual(res.body.title, ReasonPhrases.BAD_REQUEST)\n\t\t\tassert.isNumber(res.body.code)\n\t\t\tassert.strictEqual(res.body.code, StatusCodes.BAD_REQUEST)\n\t\t\tassert.isArray(res.body.errors)\n\t\t\tassert.isNotEmpty(res.body.errors)\n\t\t})\n} catch (error) {\n\tthrow Error(error)\n}",
              "err": {},
              "uuid": "b75200d5-102c-4938-be51-ead923ec7ebc",
              "parentUUID": "56658506-1739-4c8f-9737-ef6b767d0fd4",
              "isHook": false,
              "skipped": false
            },
            {
              "title": "should fail with status 400 if any required field is not submitted or empty",
              "fullTitle": "POST /products should fail with status 400 if any required field is not submitted or empty",
              "timedOut": false,
              "duration": 6,
              "state": "passed",
              "speed": "fast",
              "pass": true,
              "fail": false,
              "pending": false,
              "context": null,
              "code": "try {\n\tawait request(app)\n\t\t.post('/products')\n\t\t.set('Content-Type', 'application/json')\n\t\t.set('Accept', 'application/json')\n\t\t.send(JSON.stringify({ code, name }))\n\t\t.expect('Content-Type', /application\\/json/)\n\t\t.expect(StatusCodes.BAD_REQUEST)\n\t\t.expect(res => {\n\t\t\tassert.exists(res.body)\n\t\t\tassert.isObject(res.body)\n\t\t\tassert.hasAllKeys(res.body, ['info', 'status', 'title', 'code', 'errors'])\n\t\t\tassert.isObject(res.body.info)\n\t\t\tassert.hasAllKeys(res.body.info, ['_timestamp', '_uuid'])\n\t\t\tassert.isString(res.body.info._uuid)\n\t\t\tassert.match(res.body.info._uuid, UUID_REGEX)\n\t\t\tassert.isString(res.body.info._timestamp)\n\t\t\tassert.match(res.body.info._timestamp, DATE_REGEX)\n\t\t\tassert.isString(res.body.status)\n\t\t\tassert.strictEqual(res.body.status, 'failure')\n\t\t\tassert.isString(res.body.title)\n\t\t\tassert.strictEqual(res.body.title, ReasonPhrases.BAD_REQUEST)\n\t\t\tassert.isNumber(res.body.code)\n\t\t\tassert.strictEqual(res.body.code, StatusCodes.BAD_REQUEST)\n\t\t\tassert.isArray(res.body.errors)\n\t\t\tassert.isNotEmpty(res.body.errors)\n\t\t})\n} catch (error) {\n\tthrow Error(error)\n}",
              "err": {},
              "uuid": "75ceb61a-84bc-4d86-a2f2-2d90247161b4",
              "parentUUID": "56658506-1739-4c8f-9737-ef6b767d0fd4",
              "isHook": false,
              "skipped": false
            },
            {
              "title": "It should fail with status 400 if any field is sent that is not defined in the contract",
              "fullTitle": "POST /products It should fail with status 400 if any field is sent that is not defined in the contract",
              "timedOut": false,
              "duration": 5,
              "state": "passed",
              "speed": "fast",
              "pass": true,
              "fail": false,
              "pending": false,
              "context": null,
              "code": "try {\n\tawait request(app)\n\t\t.post('/products')\n\t\t.set('Content-Type', 'application/json')\n\t\t.set('Accept', 'application/json')\n\t\t.send(JSON.stringify({ code, name, randomField: 'xyz' }))\n\t\t.expect('Content-Type', /application\\/json/)\n\t\t.expect(StatusCodes.BAD_REQUEST)\n\t\t.expect(res => {\n\t\t\tassert.exists(res.body)\n\t\t\tassert.isObject(res.body)\n\t\t\tassert.hasAllKeys(res.body, ['info', 'status', 'title', 'code', 'errors'])\n\t\t\tassert.isObject(res.body.info)\n\t\t\tassert.hasAllKeys(res.body.info, ['_timestamp', '_uuid'])\n\t\t\tassert.isString(res.body.info._uuid)\n\t\t\tassert.match(res.body.info._uuid, UUID_REGEX)\n\t\t\tassert.isString(res.body.info._timestamp)\n\t\t\tassert.match(res.body.info._timestamp, DATE_REGEX)\n\t\t\tassert.isString(res.body.status)\n\t\t\tassert.strictEqual(res.body.status, 'failure')\n\t\t\tassert.isString(res.body.title)\n\t\t\tassert.strictEqual(res.body.title, ReasonPhrases.BAD_REQUEST)\n\t\t\tassert.isNumber(res.body.code)\n\t\t\tassert.strictEqual(res.body.code, StatusCodes.BAD_REQUEST)\n\t\t\tassert.isArray(res.body.errors)\n\t\t\tassert.isNotEmpty(res.body.errors)\n\t\t})\n} catch (error) {\n\tthrow Error(error)\n}",
              "err": {},
              "uuid": "de719079-c08f-4c4a-adc7-2a7e328a5f34",
              "parentUUID": "56658506-1739-4c8f-9737-ef6b767d0fd4",
              "isHook": false,
              "skipped": false
            },
            {
              "title": "Should succeed with code 201 if a new product is created",
              "fullTitle": "POST /products Should succeed with code 201 if a new product is created",
              "timedOut": false,
              "duration": 49,
              "state": "passed",
              "speed": "medium",
              "pass": true,
              "fail": false,
              "pending": false,
              "context": null,
              "code": "try {\n\tawait Product.truncate()\n\tawait request(app)\n\t\t.post('/products')\n\t\t.set('Content-Type', 'application/json')\n\t\t.set('Accept', 'application/json')\n\t\t.send(JSON.stringify({ code, name, price }))\n\t\t.expect('Content-Type', /application\\/json/)\n\t\t.expect(StatusCodes.CREATED)\n\t\t.expect(res => {\n\t\t\tconst { body } = res\n\t\t\tassert.exists(body)\n\t\t\tassert.isObject(body)\n\t\t\tassert.hasAllKeys(body, ['info', 'status', 'title', 'code', 'data'])\n\t\t\tassert.isObject(body.info)\n\t\t\tassert.hasAllKeys(body.info, ['_timestamp', '_uuid'])\n\t\t\tassert.isString(body.info._uuid)\n\t\t\tassert.match(body.info._uuid, UUID_REGEX)\n\t\t\tassert.isString(body.info._timestamp)\n\t\t\tassert.match(body.info._timestamp, DATE_REGEX)\n\t\t\tassert.isString(body.status)\n\t\t\tassert.strictEqual(body.status, 'success')\n\t\t\tassert.isString(body.title)\n\t\t\tassert.strictEqual(body.title, ReasonPhrases.CREATED)\n\t\t\tassert.isNumber(body.code)\n\t\t\tassert.strictEqual(body.code, StatusCodes.CREATED)\n\t\t\tassert.isObject(body.data)\n\t\t\tassert.hasAllKeys(body.data, ['id', 'code', 'name', 'price', 'description', 'updatedAt', 'createdAt'])\n\t\t\tassert.isString(body.data.id)\n\t\t\tassert.match(body.data.id, UUID_REGEX)\n\t\t\tassert.isString(body.data.code)\n\t\t\tassert.isNotEmpty(body.data.code)\n\t\t\tassert.isString(body.data.name)\n\t\t\tassert.isNotEmpty(body.data.name)\n\t\t\tassert.isNumber(body.data.price)\n\t\t\tassert.operator(body.data.price, '>', 0)\n\t\t\tassert.oneOf(body.data.description, [null, 'string'])\n\t\t\tassert.isString(body.data.updatedAt)\n\t\t\tassert.match(body.data.updatedAt, DATE_REGEX)\n\t\t\tassert.isString(body.data.createdAt)\n\t\t\tassert.match(body.data.createdAt, DATE_REGEX)\n\t\t})\n} catch (error) {\n\tthrow Error(error)\n}",
              "err": {},
              "uuid": "1bf13315-0a4b-476d-af7c-14b36c04fed0",
              "parentUUID": "56658506-1739-4c8f-9737-ef6b767d0fd4",
              "isHook": false,
              "skipped": false
            },
            {
              "title": "should fail with status 409 if the product already exists",
              "fullTitle": "POST /products should fail with status 409 if the product already exists",
              "timedOut": false,
              "duration": 10,
              "state": "passed",
              "speed": "fast",
              "pass": true,
              "fail": false,
              "pending": false,
              "context": null,
              "code": "try {\n\tawait request(app)\n\t\t.post('/products')\n\t\t.set('Content-Type', 'application/json')\n\t\t.set('Accept', 'application/json')\n\t\t.send(JSON.stringify({ code, name, price }))\n\t\t.expect('Content-Type', /application\\/json/)\n\t\t.expect(StatusCodes.CONFLICT)\n\t\t.expect(res => {\n\t\t\tassert.exists(res.body)\n\t\t\tassert.isObject(res.body)\n\t\t\tassert.hasAllKeys(res.body, ['info', 'status', 'title', 'code', 'errors'])\n\t\t\tassert.isObject(res.body.info)\n\t\t\tassert.hasAllKeys(res.body.info, ['_timestamp', '_uuid'])\n\t\t\tassert.isString(res.body.info._uuid)\n\t\t\tassert.match(res.body.info._uuid, UUID_REGEX)\n\t\t\tassert.isString(res.body.info._timestamp)\n\t\t\tassert.match(res.body.info._timestamp, DATE_REGEX)\n\t\t\tassert.isString(res.body.status)\n\t\t\tassert.strictEqual(res.body.status, 'failure')\n\t\t\tassert.isString(res.body.title)\n\t\t\tassert.strictEqual(res.body.title, ReasonPhrases.CONFLICT)\n\t\t\tassert.isNumber(res.body.code)\n\t\t\tassert.strictEqual(res.body.code, StatusCodes.CONFLICT)\n\t\t\tassert.isArray(res.body.errors)\n\t\t\tassert.isNotEmpty(res.body.errors)\n\t\t})\n} catch (error) {\n\tthrow Error(error)\n}",
              "err": {},
              "uuid": "f15b9524-d168-473a-8366-bc5bb365f02b",
              "parentUUID": "56658506-1739-4c8f-9737-ef6b767d0fd4",
              "isHook": false,
              "skipped": false
            }
          ],
          "suites": [],
          "passes": [
            "b75200d5-102c-4938-be51-ead923ec7ebc",
            "75ceb61a-84bc-4d86-a2f2-2d90247161b4",
            "de719079-c08f-4c4a-adc7-2a7e328a5f34",
            "1bf13315-0a4b-476d-af7c-14b36c04fed0",
            "f15b9524-d168-473a-8366-bc5bb365f02b"
          ],
          "failures": [],
          "pending": [],
          "skipped": [],
          "duration": 75,
          "root": false,
          "rootEmpty": false,
          "_timeout": 2000
        }
      ],
      "passes": [],
      "failures": [],
      "pending": [],
      "skipped": [],
      "duration": 0,
      "root": true,
      "rootEmpty": true,
      "_timeout": 2000
    }
  ],
  "meta": {
    "mocha": {
      "version": "11.1.0"
    },
    "mochawesome": {
      "options": {
        "quiet": false,
        "reportFilename": "mochawesome",
        "saveHtml": true,
        "saveJson": true,
        "consoleReporter": "spec",
        "useInlineDiffs": false,
        "code": true
      },
      "version": "7.1.3"
    },
    "marge": {
      "options": null,
      "version": "6.2.0"
    }
  }
}