{
  "stats": {
    "suites": 1,
    "tests": 5,
    "passes": 5,
    "pending": 0,
    "failures": 0,
    "start": "2025-03-08T20:01:37.156Z",
    "end": "2025-03-08T20:01:37.268Z",
    "duration": 112,
    "testsRegistered": 5,
    "passPercent": 100,
    "pendingPercent": 0,
    "other": 0,
    "hasOther": false,
    "skipped": 0,
    "hasSkipped": false
  },
  "results": [
    {
      "uuid": "ec0de846-44e6-4237-8a81-955525db1a3c",
      "title": "",
      "fullFile": "C:\\Users\\cmramos\\Documents\\carlos-mario\\workspace\\pos\\tests\\customer.test.js",
      "file": "\\tests\\customer.test.js",
      "beforeHooks": [],
      "afterHooks": [],
      "tests": [],
      "suites": [
        {
          "uuid": "1ee925df-1b10-446a-b77c-d879a247d619",
          "title": "POST /customers",
          "fullFile": "C:\\Users\\cmramos\\Documents\\carlos-mario\\workspace\\pos\\tests\\customer.test.js",
          "file": "\\tests\\customer.test.js",
          "beforeHooks": [],
          "afterHooks": [],
          "tests": [
            {
              "title": "Should fail with status 400 for missing or invalid body",
              "fullTitle": "POST /customers Should fail with status 400 for missing or invalid body",
              "timedOut": false,
              "duration": 43,
              "state": "passed",
              "speed": "medium",
              "pass": true,
              "fail": false,
              "pending": false,
              "context": null,
              "code": "try {\n\tawait request(app)\n\t\t.post('/customers')\n\t\t.set('Content-Type', 'application/json')\n\t\t.set('Accept', 'application/json')\n\t\t.send(JSON.stringify({}))\n\t\t.expect('Content-Type', /application\\/json/)\n\t\t.expect(StatusCodes.BAD_REQUEST)\n\t\t.expect(res => {\n\t\t\tassert.exists(res.body)\n\t\t\tassert.isObject(res.body)\n\t\t\tassert.hasAllKeys(res.body, ['info', 'status', 'title', 'code', 'errors'])\n\t\t\tassert.isObject(res.body.info)\n\t\t\tassert.hasAllKeys(res.body.info, ['_timestamp', '_uuid'])\n\t\t\tassert.isString(res.body.info._uuid)\n\t\t\tassert.match(res.body.info._uuid, UUID_REGEX)\n\t\t\tassert.isString(res.body.info._timestamp)\n\t\t\tassert.match(res.body.info._timestamp, DATE_REGEX)\n\t\t\tassert.isString(res.body.status)\n\t\t\tassert.strictEqual(res.body.status, 'failure')\n\t\t\tassert.isString(res.body.title)\n\t\t\tassert.strictEqual(res.body.title, ReasonPhrases.BAD_REQUEST)\n\t\t\tassert.isNumber(res.body.code)\n\t\t\tassert.strictEqual(res.body.code, StatusCodes.BAD_REQUEST)\n\t\t\tassert.isArray(res.body.errors)\n\t\t\tassert.isNotEmpty(res.body.errors)\n\t\t})\n} catch (error) {\n\tthrow Error(error)\n}",
              "err": {},
              "uuid": "fbb3b46e-949a-47ac-bfd8-d9f7ccf2f4c0",
              "parentUUID": "1ee925df-1b10-446a-b77c-d879a247d619",
              "isHook": false,
              "skipped": false
            },
            {
              "title": "should fail with status 400 if any required field is not submitted or empty",
              "fullTitle": "POST /customers should fail with status 400 if any required field is not submitted or empty",
              "timedOut": false,
              "duration": 5,
              "state": "passed",
              "speed": "fast",
              "pass": true,
              "fail": false,
              "pending": false,
              "context": null,
              "code": "try {\n\tawait request(app)\n\t\t.post('/customers')\n\t\t.set('Content-Type', 'application/json')\n\t\t.set('Accept', 'application/json')\n\t\t.send(JSON.stringify({ name, identification: '' }))\n\t\t.expect('Content-Type', /application\\/json/)\n\t\t.expect(StatusCodes.BAD_REQUEST)\n\t\t.expect(res => {\n\t\t\tassert.exists(res.body)\n\t\t\tassert.isObject(res.body)\n\t\t\tassert.hasAllKeys(res.body, ['info', 'status', 'title', 'code', 'errors'])\n\t\t\tassert.isObject(res.body.info)\n\t\t\tassert.hasAllKeys(res.body.info, ['_timestamp', '_uuid'])\n\t\t\tassert.isString(res.body.info._uuid)\n\t\t\tassert.match(res.body.info._uuid, UUID_REGEX)\n\t\t\tassert.isString(res.body.info._timestamp)\n\t\t\tassert.match(res.body.info._timestamp, DATE_REGEX)\n\t\t\tassert.isString(res.body.status)\n\t\t\tassert.strictEqual(res.body.status, 'failure')\n\t\t\tassert.isString(res.body.title)\n\t\t\tassert.strictEqual(res.body.title, ReasonPhrases.BAD_REQUEST)\n\t\t\tassert.isNumber(res.body.code)\n\t\t\tassert.strictEqual(res.body.code, StatusCodes.BAD_REQUEST)\n\t\t\tassert.isArray(res.body.errors)\n\t\t\tassert.isNotEmpty(res.body.errors)\n\t\t})\n} catch (error) {\n\tthrow Error(error)\n}",
              "err": {},
              "uuid": "6d44fe66-957e-4376-90f3-d28e31ea7c93",
              "parentUUID": "1ee925df-1b10-446a-b77c-d879a247d619",
              "isHook": false,
              "skipped": false
            },
            {
              "title": "It should fail with status 400 if any field is sent that is not defined in the contract.",
              "fullTitle": "POST /customers It should fail with status 400 if any field is sent that is not defined in the contract.",
              "timedOut": false,
              "duration": 4,
              "state": "passed",
              "speed": "fast",
              "pass": true,
              "fail": false,
              "pending": false,
              "context": null,
              "code": "try {\n\tawait request(app)\n\t\t.post('/customers')\n\t\t.set('Content-Type', 'application/json')\n\t\t.set('Accept', 'application/json')\n\t\t.send(JSON.stringify({ name, identification, randomField: 'xyz' }))\n\t\t.expect('Content-Type', /application\\/json/)\n\t\t.expect(StatusCodes.BAD_REQUEST)\n\t\t.expect(res => {\n\t\t\tassert.exists(res.body)\n\t\t\tassert.isObject(res.body)\n\t\t\tassert.hasAllKeys(res.body, ['info', 'status', 'title', 'code', 'errors'])\n\t\t\tassert.isObject(res.body.info)\n\t\t\tassert.hasAllKeys(res.body.info, ['_timestamp', '_uuid'])\n\t\t\tassert.isString(res.body.info._uuid)\n\t\t\tassert.match(res.body.info._uuid, UUID_REGEX)\n\t\t\tassert.isString(res.body.info._timestamp)\n\t\t\tassert.match(res.body.info._timestamp, DATE_REGEX)\n\t\t\tassert.isString(res.body.status)\n\t\t\tassert.strictEqual(res.body.status, 'failure')\n\t\t\tassert.isString(res.body.title)\n\t\t\tassert.strictEqual(res.body.title, ReasonPhrases.BAD_REQUEST)\n\t\t\tassert.isNumber(res.body.code)\n\t\t\tassert.strictEqual(res.body.code, StatusCodes.BAD_REQUEST)\n\t\t\tassert.isArray(res.body.errors)\n\t\t\tassert.isNotEmpty(res.body.errors)\n\t\t})\n} catch (error) {\n\tthrow Error(error)\n}",
              "err": {},
              "uuid": "3b4feb9f-cc41-4845-af6f-e09e351e29db",
              "parentUUID": "1ee925df-1b10-446a-b77c-d879a247d619",
              "isHook": false,
              "skipped": false
            },
            {
              "title": "Should succeed with code 201 if a new customer is created",
              "fullTitle": "POST /customers Should succeed with code 201 if a new customer is created",
              "timedOut": false,
              "duration": 47,
              "state": "passed",
              "speed": "medium",
              "pass": true,
              "fail": false,
              "pending": false,
              "context": null,
              "code": "try {\n\tawait Customer.truncate()\n\tawait request(app)\n\t\t.post('/customers')\n\t\t.set('Content-Type', 'application/json')\n\t\t.set('Accept', 'application/json')\n\t\t.send(JSON.stringify({ name, identification }))\n\t\t.expect('Content-Type', /application\\/json/)\n\t\t.expect(StatusCodes.CREATED)\n\t\t.expect(res => {\n\t\t\tassert.exists(res.body)\n\t\t\tassert.isObject(res.body)\n\t\t\tassert.hasAllKeys(res.body, ['info', 'status', 'title', 'code', 'data'])\n\t\t\tassert.isObject(res.body.info)\n\t\t\tassert.hasAllKeys(res.body.info, ['_timestamp', '_uuid'])\n\t\t\tassert.isString(res.body.info._uuid)\n\t\t\tassert.match(res.body.info._uuid, UUID_REGEX)\n\t\t\tassert.isString(res.body.info._timestamp)\n\t\t\tassert.match(res.body.info._timestamp, DATE_REGEX)\n\t\t\tassert.isString(res.body.status)\n\t\t\tassert.strictEqual(res.body.status, 'success')\n\t\t\tassert.isString(res.body.title)\n\t\t\tassert.strictEqual(res.body.title, ReasonPhrases.CREATED)\n\t\t\tassert.isNumber(res.body.code)\n\t\t\tassert.strictEqual(res.body.code, StatusCodes.CREATED)\n\t\t\tassert.isObject(res.body.data)\n\t\t\tassert.hasAllKeys(res.body.data, ['id', 'name', 'identification', 'updatedAt', 'createdAt'])\n\t\t\tassert.isString(res.body.data.id)\n\t\t\tassert.match(res.body.data.id, UUID_REGEX)\n\t\t\tassert.isString(res.body.data.name)\n\t\t\tassert.isNotEmpty(res.body.data.name)\n\t\t\tassert.isString(res.body.data.identification)\n\t\t\tassert.isNotEmpty(res.body.data.identification)\n\t\t\tassert.isString(res.body.data.updatedAt)\n\t\t\tassert.match(res.body.data.updatedAt, DATE_REGEX)\n\t\t\tassert.isString(res.body.data.createdAt)\n\t\t\tassert.match(res.body.data.createdAt, DATE_REGEX)\n\t\t})\n} catch (error) {\n\tthrow Error(error)\n}",
              "err": {},
              "uuid": "85eee7c3-2797-48a7-9e79-2b1b3ade16fe",
              "parentUUID": "1ee925df-1b10-446a-b77c-d879a247d619",
              "isHook": false,
              "skipped": false
            },
            {
              "title": "should fail with status 409 if the customer already exists",
              "fullTitle": "POST /customers should fail with status 409 if the customer already exists",
              "timedOut": false,
              "duration": 7,
              "state": "passed",
              "speed": "fast",
              "pass": true,
              "fail": false,
              "pending": false,
              "context": null,
              "code": "try {\n\tawait request(app)\n\t\t.post('/customers')\n\t\t.set('Content-Type', 'application/json')\n\t\t.set('Accept', 'application/json')\n\t\t.send(JSON.stringify({ name, identification }))\n\t\t.expect('Content-Type', /application\\/json/)\n\t\t.expect(StatusCodes.CONFLICT)\n\t\t.expect(res => {\n\t\t\tassert.exists(res.body)\n\t\t\tassert.isObject(res.body)\n\t\t\tassert.hasAllKeys(res.body, ['info', 'status', 'title', 'code', 'errors'])\n\t\t\tassert.isObject(res.body.info)\n\t\t\tassert.hasAllKeys(res.body.info, ['_timestamp', '_uuid'])\n\t\t\tassert.isString(res.body.info._uuid)\n\t\t\tassert.match(res.body.info._uuid, UUID_REGEX)\n\t\t\tassert.isString(res.body.info._timestamp)\n\t\t\tassert.match(res.body.info._timestamp, DATE_REGEX)\n\t\t\tassert.isString(res.body.status)\n\t\t\tassert.strictEqual(res.body.status, 'failure')\n\t\t\tassert.isString(res.body.title)\n\t\t\tassert.strictEqual(res.body.title, ReasonPhrases.CONFLICT)\n\t\t\tassert.isNumber(res.body.code)\n\t\t\tassert.strictEqual(res.body.code, StatusCodes.CONFLICT)\n\t\t\tassert.isArray(res.body.errors)\n\t\t\tassert.isNotEmpty(res.body.errors)\n\t\t})\n} catch (error) {\n\tthrow Error(error)\n}",
              "err": {},
              "uuid": "580f8086-d4be-40e9-9fb2-add038d40b91",
              "parentUUID": "1ee925df-1b10-446a-b77c-d879a247d619",
              "isHook": false,
              "skipped": false
            }
          ],
          "suites": [],
          "passes": [
            "fbb3b46e-949a-47ac-bfd8-d9f7ccf2f4c0",
            "6d44fe66-957e-4376-90f3-d28e31ea7c93",
            "3b4feb9f-cc41-4845-af6f-e09e351e29db",
            "85eee7c3-2797-48a7-9e79-2b1b3ade16fe",
            "580f8086-d4be-40e9-9fb2-add038d40b91"
          ],
          "failures": [],
          "pending": [],
          "skipped": [],
          "duration": 106,
          "root": false,
          "rootEmpty": false,
          "_timeout": 2000
        }
      ],
      "passes": [],
      "failures": [],
      "pending": [],
      "skipped": [],
      "duration": 0,
      "root": true,
      "rootEmpty": true,
      "_timeout": 2000
    }
  ],
  "meta": {
    "mocha": {
      "version": "11.1.0"
    },
    "mochawesome": {
      "options": {
        "quiet": false,
        "reportFilename": "mochawesome",
        "saveHtml": true,
        "saveJson": true,
        "consoleReporter": "spec",
        "useInlineDiffs": false,
        "code": true
      },
      "version": "7.1.3"
    },
    "marge": {
      "options": null,
      "version": "6.2.0"
    }
  }
}